DEBUG main org.hibernate.type.BasicTypeRegistry - Adding type registration java.util.TimeZone -> org.hibernate.type.TimeZoneType@669c0287
DEBUG main org.hibernate.type.BasicTypeRegistry - Adding type registration class -> org.hibernate.type.ClassType@b44dff0
DEBUG main org.hibernate.type.BasicTypeRegistry - Adding type registration java.lang.Class -> org.hibernate.type.ClassType@b44dff0
DEBUG main org.hibernate.type.BasicTypeRegistry - Adding type registration uuid-binary -> org.hibernate.type.UUIDBinaryType@39563a3d
DEBUG main org.hibernate.type.BasicTypeRegistry - Adding type registration java.util.UUID -> org.hibernate.type.UUIDBinaryType@39563a3d
DEBUG main org.hibernate.type.BasicTypeRegistry - Adding type registration uuid-char -> org.hibernate.type.UUIDCharType@48f2818d
DEBUG main org.hibernate.type.BasicTypeRegistry - Adding type registration pg-uuid -> org.hibernate.type.PostgresUUIDType@2091a129
DEBUG main org.hibernate.type.BasicTypeRegistry - Adding type registration binary -> org.hibernate.type.BinaryType@32eb1f9a
DEBUG main org.hibernate.type.BasicTypeRegistry - Adding type registration byte[] -> org.hibernate.type.BinaryType@32eb1f9a
DEBUG main org.hibernate.type.BasicTypeRegistry - Adding type registration [B -> org.hibernate.type.BinaryType@32eb1f9a
DEBUG main org.hibernate.type.BasicTypeRegistry - Adding type registration wrapper-binary -> org.hibernate.type.WrapperBinaryType@2c642c2e
DEBUG main org.hibernate.type.BasicTypeRegistry - Adding type registration Byte[] -> org.hibernate.type.WrapperBinaryType@2c642c2e
DEBUG main org.hibernate.type.BasicTypeRegistry - Adding type registration [Ljava.lang.Byte; -> org.hibernate.type.WrapperBinaryType@2c642c2e
DEBUG main org.hibernate.type.BasicTypeRegistry - Adding type registration image -> org.hibernate.type.ImageType@afba5d
DEBUG main org.hibernate.type.BasicTypeRegistry - Adding type registration characters -> org.hibernate.type.CharArrayType@6575deb1
DEBUG main org.hibernate.type.BasicTypeRegistry - Adding type registration char[] -> org.hibernate.type.CharArrayType@6575deb1
DEBUG main org.hibernate.type.BasicTypeRegistry - Adding type registration [C -> org.hibernate.type.CharArrayType@6575deb1
DEBUG main org.hibernate.type.BasicTypeRegistry - Adding type registration wrapper-characters -> org.hibernate.type.CharacterArrayType@207c5965
DEBUG main org.hibernate.type.BasicTypeRegistry - Adding type registration [Ljava.lang.Character; -> org.hibernate.type.CharacterArrayType@207c5965
DEBUG main org.hibernate.type.BasicTypeRegistry - Adding type registration Character[] -> org.hibernate.type.CharacterArrayType@207c5965
DEBUG main org.hibernate.type.BasicTypeRegistry - Adding type registration text -> org.hibernate.type.TextType@cddb2e7
DEBUG main org.hibernate.type.BasicTypeRegistry - Adding type registration blob -> org.hibernate.type.BlobType@93478c8
DEBUG main org.hibernate.type.BasicTypeRegistry - Adding type registration java.sql.Blob -> org.hibernate.type.BlobType@93478c8
DEBUG main org.hibernate.type.BasicTypeRegistry - Adding type registration materialized_blob -> org.hibernate.type.MaterializedBlobType@722bc102
DEBUG main org.hibernate.type.BasicTypeRegistry - Adding type registration clob -> org.hibernate.type.ClobType@36c1fc67
DEBUG main org.hibernate.type.BasicTypeRegistry - Adding type registration java.sql.Clob -> org.hibernate.type.ClobType@36c1fc67
DEBUG main org.hibernate.type.BasicTypeRegistry - Adding type registration materialized_clob -> org.hibernate.type.MaterializedClobType@42d32028
DEBUG main org.hibernate.type.BasicTypeRegistry - Adding type registration serializable -> org.hibernate.type.SerializableType@7b8d343a
DEBUG main org.hibernate.type.BasicTypeRegistry - Adding type registration object -> org.hibernate.type.ObjectType@674df816
DEBUG main org.hibernate.type.BasicTypeRegistry - Adding type registration java.lang.Object -> org.hibernate.type.ObjectType@674df816
DEBUG main org.hibernate.type.BasicTypeRegistry - Adding type registration imm_date -> org.hibernate.type.AdaptedImmutableType@52fad2a1
DEBUG main org.hibernate.type.BasicTypeRegistry - Adding type registration imm_time -> org.hibernate.type.AdaptedImmutableType@511a7296
DEBUG main org.hibernate.type.BasicTypeRegistry - Adding type registration imm_timestamp -> org.hibernate.type.AdaptedImmutableType@1f58ff73
DEBUG main org.hibernate.type.BasicTypeRegistry - Adding type registration imm_dbtimestamp -> org.hibernate.type.AdaptedImmutableType@beae719
DEBUG main org.hibernate.type.BasicTypeRegistry - Adding type registration imm_calendar -> org.hibernate.type.AdaptedImmutableType@6aea206b
DEBUG main org.hibernate.type.BasicTypeRegistry - Adding type registration imm_calendar_date -> org.hibernate.type.AdaptedImmutableType@30f687a3
DEBUG main org.hibernate.type.BasicTypeRegistry - Adding type registration imm_binary -> org.hibernate.type.AdaptedImmutableType@942f772
DEBUG main org.hibernate.type.BasicTypeRegistry - Adding type registration imm_serializable -> org.hibernate.type.AdaptedImmutableType@b83621e
INFO main org.hibernate.annotations.common.Version - HCANN000001: Hibernate Commons Annotations {4.0.1.Final}
INFO main org.hibernate.Version - HHH000412: Hibernate Core {4.1.7.Final}
INFO main org.hibernate.cfg.Environment - HHH000206: hibernate.properties not found
INFO main org.hibernate.cfg.Environment - HHH000021: Bytecode provider name : javassist
DEBUG main org.hibernate.id.factory.internal.DefaultIdentifierGeneratorFactory - Registering IdentifierGenerator strategy [uuid2] -> [org.hibernate.id.UUIDGenerator]
DEBUG main org.hibernate.id.factory.internal.DefaultIdentifierGeneratorFactory - Registering IdentifierGenerator strategy [guid] -> [org.hibernate.id.GUIDGenerator]
DEBUG main org.hibernate.id.factory.internal.DefaultIdentifierGeneratorFactory - Registering IdentifierGenerator strategy [uuid] -> [org.hibernate.id.UUIDHexGenerator]
DEBUG main org.hibernate.id.factory.internal.DefaultIdentifierGeneratorFactory - Registering IdentifierGenerator strategy [uuid.hex] -> [org.hibernate.id.UUIDHexGenerator]
DEBUG main org.hibernate.id.factory.internal.DefaultIdentifierGeneratorFactory - Registering IdentifierGenerator strategy [hilo] -> [org.hibernate.id.TableHiLoGenerator]
DEBUG main org.hibernate.id.factory.internal.DefaultIdentifierGeneratorFactory - Registering IdentifierGenerator strategy [assigned] -> [org.hibernate.id.Assigned]
DEBUG main org.hibernate.id.factory.internal.DefaultIdentifierGeneratorFactory - Registering IdentifierGenerator strategy [identity] -> [org.hibernate.id.IdentityGenerator]
DEBUG main org.hibernate.id.factory.internal.DefaultIdentifierGeneratorFactory - Registering IdentifierGenerator strategy [select] -> [org.hibernate.id.SelectGenerator]
DEBUG main org.hibernate.id.factory.internal.DefaultIdentifierGeneratorFactory - Registering IdentifierGenerator strategy [sequence] -> [org.hibernate.id.SequenceGenerator]
DEBUG main org.hibernate.id.factory.internal.DefaultIdentifierGeneratorFactory - Registering IdentifierGenerator strategy [seqhilo] -> [org.hibernate.id.SequenceHiLoGenerator]
DEBUG main org.hibernate.id.factory.internal.DefaultIdentifierGeneratorFactory - Registering IdentifierGenerator strategy [increment] -> [org.hibernate.id.IncrementGenerator]
DEBUG main org.hibernate.id.factory.internal.DefaultIdentifierGeneratorFactory - Registering IdentifierGenerator strategy [foreign] -> [org.hibernate.id.ForeignGenerator]
DEBUG main org.hibernate.id.factory.internal.DefaultIdentifierGeneratorFactory - Registering IdentifierGenerator strategy [sequence-identity] -> [org.hibernate.id.SequenceIdentityGenerator]
DEBUG main org.hibernate.id.factory.internal.DefaultIdentifierGeneratorFactory - Registering IdentifierGenerator strategy [enhanced-sequence] -> [org.hibernate.id.enhanced.SequenceStyleGenerator]
DEBUG main org.hibernate.id.factory.internal.DefaultIdentifierGeneratorFactory - Registering IdentifierGenerator strategy [enhanced-table] -> [org.hibernate.id.enhanced.TableGenerator]
INFO main org.hibernate.cfg.Configuration - HHH000043: Configuring from resource: /hibernate.cfg.xml
INFO main org.hibernate.cfg.Configuration - HHH000040: Configuration resource: /hibernate.cfg.xml
DEBUG main org.hibernate.internal.util.xml.DTDEntityResolver - Trying to resolve system-id [http://www.hibernate.org/dtd/hibernate-configuration-3.0.dtd]
DEBUG main org.hibernate.internal.util.xml.DTDEntityResolver - Recognized hibernate namespace; attempting to resolve on classpath under org/hibernate/
DEBUG main org.hibernate.internal.util.xml.DTDEntityResolver - Located [http://www.hibernate.org/dtd/hibernate-configuration-3.0.dtd] in classpath
DEBUG main org.hibernate.cfg.Configuration - connection.driver_class=com.mysql.jdbc.Driver
DEBUG main org.hibernate.cfg.Configuration - connection.url=jdbc:mysql://127.0.0.1/uni2_4t
DEBUG main org.hibernate.cfg.Configuration - connection.username=root
DEBUG main org.hibernate.cfg.Configuration - connection.password=root
DEBUG main org.hibernate.cfg.Configuration - connection.pool_size=1
DEBUG main org.hibernate.cfg.Configuration - dialect=org.hibernate.dialect.MySQL5Dialect
DEBUG main org.hibernate.cfg.Configuration - current_session_context_class=thread
DEBUG main org.hibernate.cfg.Configuration - cache.provider_class=org.hibernate.cache.internal.NoCacheProvider
DEBUG main org.hibernate.cfg.Configuration - show_sql=true
DEBUG main org.hibernate.cfg.Configuration - hbm2ddl.auto=update
DEBUG main org.hibernate.cfg.Configuration - Session-factory config [null] named resource [Curs.hbm.xml] for mapping
INFO main org.hibernate.cfg.Configuration - HHH000221: Reading mappings from resource: Curs.hbm.xml
DEBUG main org.hibernate.internal.util.xml.DTDEntityResolver - Trying to resolve system-id [http://www.hibernate.org/dtd/hibernate-mapping-3.0.dtd]
DEBUG main org.hibernate.internal.util.xml.DTDEntityResolver - Recognized hibernate namespace; attempting to resolve on classpath under org/hibernate/
DEBUG main org.hibernate.internal.util.xml.DTDEntityResolver - Located [http://www.hibernate.org/dtd/hibernate-mapping-3.0.dtd] in classpath
INFO main org.hibernate.cfg.Configuration - HHH000041: Configured SessionFactory: null
DEBUG main org.hibernate.cfg.Configuration - Properties: {show_sql=true, java.vendor=Oracle Corporation, sun.java.launcher=SUN_STANDARD, hibernate.connection.url=jdbc:mysql://127.0.0.1/uni2_4t, sun.management.compiler=HotSpot 64-Bit Tiered Compilers, hbm2ddl.auto=update, os.name=Windows 7, sun.boot.class.path=C:\Program Files\Java\jre7\lib\resources.jar;C:\Program Files\Java\jre7\lib\rt.jar;C:\Program Files\Java\jre7\lib\sunrsasign.jar;C:\Program Files\Java\jre7\lib\jsse.jar;C:\Program Files\Java\jre7\lib\jce.jar;C:\Program Files\Java\jre7\lib\charsets.jar;C:\Program Files\Java\jre7\classes, hibernate.current_session_context_class=thread, sun.desktop=windows, java.vm.specification.vendor=Oracle Corporation, java.runtime.version=1.7.0_03-b05, hibernate.cache.provider_class=org.hibernate.cache.internal.NoCacheProvider, user.name=victor, connection.driver_class=com.mysql.jdbc.Driver, current_session_context_class=thread, user.language=en, sun.boot.library.path=C:\Program Files\Java\jre7\bin, dialect=org.hibernate.dialect.MySQL5Dialect, java.version=1.7.0_03, user.timezone=, sun.arch.data.model=64, java.endorsed.dirs=C:\Program Files\Java\jre7\lib\endorsed, sun.cpu.isalist=amd64, sun.jnu.encoding=Cp1251, file.encoding.pkg=sun.io, file.separator=\, java.specification.name=Java Platform API Specification, java.class.version=51.0, user.country=US, connection.url=jdbc:mysql://127.0.0.1/uni2_4t, java.home=C:\Program Files\Java\jre7, java.vm.info=mixed mode, os.version=6.1, path.separator=;, connection.password=root, java.vm.version=22.1-b02, hibernate.connection.password=root, user.variant=, java.awt.printerjob=sun.awt.windows.WPrinterJob, sun.io.unicode.encoding=UnicodeLittle, awt.toolkit=sun.awt.windows.WToolkit, hibernate.connection.username=root, user.script=, user.home=C:\Users\victor, java.specification.vendor=Oracle Corporation, hibernate.hbm2ddl.auto=update, java.library.path=C:\Program Files\Java\jre7\bin;C:\Windows\Sun\Java\bin;C:\Windows\system32;C:\Windows;C:\Program Files (x86)\ActiveState Komodo IDE 7\;C:\Program Files (x86)\Intel\iCLS Client\;C:\Program Files\Intel\iCLS Client\;C:\Windows\system32;C:\Windows;C:\Windows\System32\Wbem;C:\Windows\System32\WindowsPowerShell\v1.0\;C:\Program Files\Intel\Intel(R) Management Engine Components\DAL;C:\Program Files\Intel\Intel(R) Management Engine Components\IPT;C:\Program Files (x86)\Intel\Intel(R) Management Engine Components\DAL;C:\Program Files (x86)\Intel\Intel(R) Management Engine Components\IPT;C:\Program Files\MATLAB\R2012a\runtime\win64;C:\Program Files\MATLAB\R2012a\bin;C:\Program Files (x86)\Microsoft SQL Server\100\Tools\Binn\;C:\Program Files\Microsoft SQL Server\100\Tools\Binn\;C:\Program Files\Microsoft SQL Server\100\DTS\Binn\;C:\Program Files (x86)\Microsoft SQL Server\100\Tools\Binn\VSShell\Common7\IDE\;C:\Program Files (x86)\Microsoft Visual Studio 9.0\Common7\IDE\PrivateAssemblies\;C:\Program Files (x86)\Microsoft SQL Server\100\DTS\Binn\;C:\Program Files (x86)\nodejs\;c:\Program Files\Saxonica\SaxonHE9.4N\bin;C:\Users\victor\AppData\Roaming\npm\;C:\Program Files (x86)\Google\google_appengine\;C:\Program Files\TortoiseSVN\bin;;c:\Program Files\Saxonica\SaxonHE9.4N\bin;C:\Users\victor\AppData\Roaming\npm\;C:\Program Files (x86)\Google\google_appengine\;., java.vendor.url=http://java.oracle.com/, hibernate.connection.driver_class=com.mysql.jdbc.Driver, connection.username=root, java.vm.vendor=Oracle Corporation, hibernate.dialect=org.hibernate.dialect.MySQL5Dialect, java.runtime.name=Java(TM) SE Runtime Environment, sun.java.command=md.victordov.lab.util.ThisTest, java.class.path=C:\Users\victor\Documents\workspace\Lab3DynamicWebHibernate\build\classes;C:\apache-tomcat-7.0.29\lib\annotations-api.jar;C:\apache-tomcat-7.0.29\lib\catalina-ant.jar;C:\apache-tomcat-7.0.29\lib\catalina-ha.jar;C:\apache-tomcat-7.0.29\lib\catalina-tribes.jar;C:\apache-tomcat-7.0.29\lib\catalina.jar;C:\apache-tomcat-7.0.29\lib\ecj-3.6.2.jar;C:\apache-tomcat-7.0.29\lib\ecj-3.7.2.jar;C:\apache-tomcat-7.0.29\lib\el-api.jar;C:\apache-tomcat-7.0.29\lib\jasper-el.jar;C:\apache-tomcat-7.0.29\lib\jasper.jar;C:\apache-tomcat-7.0.29\lib\jsp-api.jar;C:\apache-tomcat-7.0.29\lib\servlet-api.jar;C:\apache-tomcat-7.0.29\lib\tomcat-api.jar;C:\apache-tomcat-7.0.29\lib\tomcat-coyote.jar;C:\apache-tomcat-7.0.29\lib\tomcat-dbcp.jar;C:\apache-tomcat-7.0.29\lib\tomcat-i18n-es.jar;C:\apache-tomcat-7.0.29\lib\tomcat-i18n-fr.jar;C:\apache-tomcat-7.0.29\lib\tomcat-i18n-ja.jar;C:\apache-tomcat-7.0.29\lib\tomcat-jdbc.jar;C:\apache-tomcat-7.0.29\lib\tomcat-util.jar;C:\Users\victor\Documents\workspace\Lab3DynamicWebHibernate\WebContent\WEB-INF\classes;C:\Program Files (x86)\hibernate-release-4.1.7.Final\lib\envers\hibernate-envers-4.1.7.Final.jar;C:\Program Files (x86)\hibernate-release-4.1.7.Final\lib\jpa\hibernate-entitymanager-4.1.7.Final.jar;C:\Program Files (x86)\hibernate-release-4.1.7.Final\lib\optional\c3p0\c3p0-0.9.1.jar;C:\Program Files (x86)\hibernate-release-4.1.7.Final\lib\optional\c3p0\hibernate-c3p0-4.1.7.Final.jar;C:\Program Files (x86)\hibernate-release-4.1.7.Final\lib\optional\ehcache\ehcache-core-2.4.3.jar;C:\Program Files (x86)\hibernate-release-4.1.7.Final\lib\optional\ehcache\hibernate-ehcache-4.1.7.Final.jar;C:\Program Files (x86)\hibernate-release-4.1.7.Final\lib\optional\ehcache\slf4j-api-1.6.1.jar;C:\Program Files (x86)\hibernate-release-4.1.7.Final\lib\optional\infinispan\hibernate-infinispan-4.1.7.Final.jar;C:\Program Files (x86)\hibernate-release-4.1.7.Final\lib\optional\infinispan\infinispan-core-5.1.6.FINAL.jar;C:\Program Files (x86)\hibernate-release-4.1.7.Final\lib\optional\infinispan\jboss-marshalling-1.3.11.GA.jar;C:\Program Files (x86)\hibernate-release-4.1.7.Final\lib\optional\infinispan\jboss-marshalling-river-1.3.11.GA.jar;C:\Program Files (x86)\hibernate-release-4.1.7.Final\lib\optional\infinispan\jgroups-3.0.11.Final.jar;C:\Program Files (x86)\hibernate-release-4.1.7.Final\lib\optional\infinispan\rhq-pluginAnnotations-3.0.4.jar;C:\Program Files (x86)\hibernate-release-4.1.7.Final\lib\optional\infinispan\stax2-api-3.1.1.jar;C:\Program Files (x86)\hibernate-release-4.1.7.Final\lib\optional\infinispan\woodstox-core-asl-4.1.1.jar;C:\Program Files (x86)\hibernate-release-4.1.7.Final\lib\optional\proxool\hibernate-proxool-4.1.7.Final.jar;C:\Program Files (x86)\hibernate-release-4.1.7.Final\lib\optional\proxool\proxool-0.8.3.jar;C:\Program Files (x86)\hibernate-release-4.1.7.Final\lib\required\antlr-2.7.7.jar;C:\Program Files (x86)\hibernate-release-4.1.7.Final\lib\required\dom4j-1.6.1.jar;C:\Program Files (x86)\hibernate-release-4.1.7.Final\lib\required\hibernate-commons-annotations-4.0.1.Final.jar;C:\Program Files (x86)\hibernate-release-4.1.7.Final\lib\required\hibernate-core-4.1.7.Final.jar;C:\Program Files (x86)\hibernate-release-4.1.7.Final\lib\required\hibernate-jpa-2.0-api-1.0.1.Final.jar;C:\Program Files (x86)\hibernate-release-4.1.7.Final\lib\required\javassist-3.15.0-GA.jar;C:\Program Files (x86)\hibernate-release-4.1.7.Final\lib\required\jboss-logging-3.1.0.GA.jar;C:\Program Files (x86)\hibernate-release-4.1.7.Final\lib\required\jboss-transaction-api_1.1_spec-1.0.0.Final.jar;C:\Users\victor\Downloads\JavaFiles\javassist-3.16.1-GA\javassist.jar;C:\Users\victor\Documents\workspace\Mysql\mysql-connector-java-5.1.21\mysql-connector-java-5.1.21-bin.jar;C:\Users\victor\Downloads\JavaFiles\apache-log4j-1.2.17\log4j-1.2.17.jar, hibernate.bytecode.use_reflection_optimizer=false, java.vm.specification.name=Java Virtual Machine Specification, java.vm.specification.version=1.7, sun.cpu.endian=little, sun.os.patch.level=Service Pack 1, connection.pool_size=1, java.io.tmpdir=C:\Users\victor\AppData\Local\Temp\, java.vendor.url.bug=http://bugreport.sun.com/bugreport/, os.arch=amd64, java.awt.graphicsenv=sun.awt.Win32GraphicsEnvironment, java.ext.dirs=C:\Program Files\Java\jre7\lib\ext;C:\Windows\Sun\Java\lib\ext, user.dir=C:\Users\victor\Documents\workspace\Lab3DynamicWebHibernate, line.separator=
, java.vm.name=Java HotSpot(TM) 64-Bit Server VM, cache.provider_class=org.hibernate.cache.internal.NoCacheProvider, file.encoding=Cp1251, java.specification.version=1.7, hibernate.show_sql=true, hibernate.connection.pool_size=1}
DEBUG main org.hibernate.integrator.internal.IntegratorServiceImpl - Adding Integrator [org.hibernate.cfg.beanvalidation.BeanValidationIntegrator].
DEBUG main org.hibernate.integrator.internal.IntegratorServiceImpl - Adding Integrator [org.hibernate.envers.event.EnversIntegrator].
DEBUG main org.hibernate.cfg.Configuration - Preparing to build session factory with filters : {}
DEBUG main org.hibernate.cfg.Configuration - Processing hbm.xml files
DEBUG main org.hibernate.cfg.HbmBinder - Mapping class: md.victordov.lab.vo.Curs -> curs
DEBUG main org.hibernate.cfg.HbmBinder - Mapped property: cursId -> c_id
DEBUG main org.hibernate.cfg.HbmBinder - Mapped property: numeCurs -> nume_curs
DEBUG main org.hibernate.cfg.HbmBinder - Mapped property: universitateId -> u_id
DEBUG main org.hibernate.cfg.HbmBinder - Mapped property: profesorId -> p_id
DEBUG main org.hibernate.cfg.Configuration - Process annotated classes
DEBUG main org.hibernate.cfg.Configuration - Processing fk mappings (*ToOne and JoinedSubclass)
DEBUG main org.hibernate.cfg.Configuration - Processing extends queue
DEBUG main org.hibernate.cfg.Configuration - Processing extends queue
DEBUG main org.hibernate.cfg.Configuration - Processing collection mappings
DEBUG main org.hibernate.cfg.Configuration - Processing native query and ResultSetMapping mappings
DEBUG main org.hibernate.cfg.Configuration - Processing association property references
DEBUG main org.hibernate.cfg.Configuration - Processing foreign key constraints
INFO main org.hibernate.service.jdbc.connections.internal.DriverManagerConnectionProviderImpl - HHH000402: Using Hibernate built-in connection pool (not for production use!)
INFO main org.hibernate.service.jdbc.connections.internal.DriverManagerConnectionProviderImpl - HHH000115: Hibernate connection pool size: 1
INFO main org.hibernate.service.jdbc.connections.internal.DriverManagerConnectionProviderImpl - HHH000006: Autocommit mode: false
INFO main org.hibernate.service.jdbc.connections.internal.DriverManagerConnectionProviderImpl - HHH000401: using driver [com.mysql.jdbc.Driver] at URL [jdbc:mysql://127.0.0.1/uni2_4t]
INFO main org.hibernate.service.jdbc.connections.internal.DriverManagerConnectionProviderImpl - HHH000046: Connection properties: {user=root, password=root}
DEBUG main org.hibernate.service.jdbc.connections.internal.DriverManagerConnectionProviderImpl - Opening new JDBC connection
DEBUG main org.hibernate.service.jdbc.connections.internal.DriverManagerConnectionProviderImpl - Created connection to: jdbc:mysql://127.0.0.1/uni2_4t, Isolation Level: 4
DEBUG main org.hibernate.engine.jdbc.internal.JdbcServicesImpl - Database ->
       name : MySQL
    version : 5.5.27
      major : 5
      minor : 5
DEBUG main org.hibernate.engine.jdbc.internal.JdbcServicesImpl - Driver ->
       name : MySQL-AB JDBC Driver
    version : mysql-connector-java-5.1.21 ( Revision: ${bzr.revision-id} )
      major : 5
      minor : 1
DEBUG main org.hibernate.engine.jdbc.internal.JdbcServicesImpl - JDBC version : 4.0
INFO main org.hibernate.dialect.Dialect - HHH000400: Using dialect: org.hibernate.dialect.MySQL5Dialect
DEBUG main org.hibernate.cfg.SettingsFactory - Automatic flush during beforeCompletion(): disabled
DEBUG main org.hibernate.cfg.SettingsFactory - Automatic session close at end of transaction: disabled
DEBUG main org.hibernate.cfg.SettingsFactory - JDBC batch size: 15
DEBUG main org.hibernate.cfg.SettingsFactory - JDBC batch updates for versioned data: disabled
DEBUG main org.hibernate.cfg.SettingsFactory - Scrollable result sets: enabled
DEBUG main org.hibernate.cfg.SettingsFactory - Wrap result sets: disabled
DEBUG main org.hibernate.cfg.SettingsFactory - JDBC3 getGeneratedKeys(): enabled
DEBUG main org.hibernate.cfg.SettingsFactory - multi-tenancy strategy : NONE
DEBUG main org.hibernate.cfg.SettingsFactory - Connection release mode: auto
INFO main org.hibernate.engine.transaction.internal.TransactionFactoryInitiator - HHH000399: Using default transaction strategy (direct JDBC transactions)
DEBUG main org.hibernate.cfg.SettingsFactory - Maximum outer join fetch depth: 2
DEBUG main org.hibernate.cfg.SettingsFactory - Default batch fetch size: 1
DEBUG main org.hibernate.cfg.SettingsFactory - Generate SQL with comments: disabled
DEBUG main org.hibernate.cfg.SettingsFactory - Order SQL updates by primary key: disabled
DEBUG main org.hibernate.cfg.SettingsFactory - Order SQL inserts for batching: disabled
DEBUG main org.hibernate.cfg.SettingsFactory - Query translator: org.hibernate.hql.internal.ast.ASTQueryTranslatorFactory
INFO main org.hibernate.hql.internal.ast.ASTQueryTranslatorFactory - HHH000397: Using ASTQueryTranslatorFactory
DEBUG main org.hibernate.cfg.SettingsFactory - Query language substitutions: {}
DEBUG main org.hibernate.cfg.SettingsFactory - JPA-QL strict compliance: disabled
DEBUG main org.hibernate.cfg.SettingsFactory - Second-level cache: enabled
DEBUG main org.hibernate.cfg.SettingsFactory - Query cache: disabled
DEBUG main org.hibernate.cfg.SettingsFactory - Cache region factory : org.hibernate.cache.internal.NoCachingRegionFactory
DEBUG main org.hibernate.cfg.SettingsFactory - org.hibernate.cache.internal.NoCachingRegionFactory did not provide constructor accepting java.util.Properties; attempting no-arg constructor.
DEBUG main org.hibernate.cfg.SettingsFactory - Optimize cache for minimal puts: disabled
DEBUG main org.hibernate.cfg.SettingsFactory - Structured second-level cache entries: disabled
DEBUG main org.hibernate.cfg.SettingsFactory - Statistics: disabled
DEBUG main org.hibernate.cfg.SettingsFactory - Deleted entity synthetic identifier rollback: disabled
DEBUG main org.hibernate.cfg.SettingsFactory - Default entity-mode: pojo
DEBUG main org.hibernate.cfg.SettingsFactory - Named query checking : enabled
DEBUG main org.hibernate.cfg.SettingsFactory - Check Nullability in Core (should be disabled when Bean Validation is on): enabled
DEBUG main org.hibernate.internal.SessionFactoryImpl - Building session factory
DEBUG main org.hibernate.internal.SessionFactoryImpl - Session factory constructed with filter configurations : {}
DEBUG main org.hibernate.internal.SessionFactoryImpl - Instantiating session factory with properties: {java.vendor=Oracle Corporation, show_sql=true, sun.java.launcher=SUN_STANDARD, hibernate.connection.url=jdbc:mysql://127.0.0.1/uni2_4t, sun.management.compiler=HotSpot 64-Bit Tiered Compilers, os.name=Windows 7, hbm2ddl.auto=update, sun.boot.class.path=C:\Program Files\Java\jre7\lib\resources.jar;C:\Program Files\Java\jre7\lib\rt.jar;C:\Program Files\Java\jre7\lib\sunrsasign.jar;C:\Program Files\Java\jre7\lib\jsse.jar;C:\Program Files\Java\jre7\lib\jce.jar;C:\Program Files\Java\jre7\lib\charsets.jar;C:\Program Files\Java\jre7\classes, hibernate.current_session_context_class=thread, sun.desktop=windows, java.vm.specification.vendor=Oracle Corporation, java.runtime.version=1.7.0_03-b05, hibernate.cache.provider_class=org.hibernate.cache.internal.NoCacheProvider, user.name=victor, connection.driver_class=com.mysql.jdbc.Driver, current_session_context_class=thread, user.language=en, sun.boot.library.path=C:\Program Files\Java\jre7\bin, dialect=org.hibernate.dialect.MySQL5Dialect, java.version=1.7.0_03, user.timezone=, sun.arch.data.model=64, java.endorsed.dirs=C:\Program Files\Java\jre7\lib\endorsed, sun.cpu.isalist=amd64, sun.jnu.encoding=Cp1251, file.encoding.pkg=sun.io, file.separator=\, java.specification.name=Java Platform API Specification, java.class.version=51.0, user.country=US, connection.url=jdbc:mysql://127.0.0.1/uni2_4t, java.home=C:\Program Files\Java\jre7, java.vm.info=mixed mode, os.version=6.1, path.separator=;, connection.password=root, java.vm.version=22.1-b02, hibernate.connection.password=root, user.variant=, java.awt.printerjob=sun.awt.windows.WPrinterJob, sun.io.unicode.encoding=UnicodeLittle, awt.toolkit=sun.awt.windows.WToolkit, hibernate.connection.username=root, user.script=, user.home=C:\Users\victor, java.specification.vendor=Oracle Corporation, hibernate.hbm2ddl.auto=update, java.library.path=C:\Program Files\Java\jre7\bin;C:\Windows\Sun\Java\bin;C:\Windows\system32;C:\Windows;C:\Program Files (x86)\ActiveState Komodo IDE 7\;C:\Program Files (x86)\Intel\iCLS Client\;C:\Program Files\Intel\iCLS Client\;C:\Windows\system32;C:\Windows;C:\Windows\System32\Wbem;C:\Windows\System32\WindowsPowerShell\v1.0\;C:\Program Files\Intel\Intel(R) Management Engine Components\DAL;C:\Program Files\Intel\Intel(R) Management Engine Components\IPT;C:\Program Files (x86)\Intel\Intel(R) Management Engine Components\DAL;C:\Program Files (x86)\Intel\Intel(R) Management Engine Components\IPT;C:\Program Files\MATLAB\R2012a\runtime\win64;C:\Program Files\MATLAB\R2012a\bin;C:\Program Files (x86)\Microsoft SQL Server\100\Tools\Binn\;C:\Program Files\Microsoft SQL Server\100\Tools\Binn\;C:\Program Files\Microsoft SQL Server\100\DTS\Binn\;C:\Program Files (x86)\Microsoft SQL Server\100\Tools\Binn\VSShell\Common7\IDE\;C:\Program Files (x86)\Microsoft Visual Studio 9.0\Common7\IDE\PrivateAssemblies\;C:\Program Files (x86)\Microsoft SQL Server\100\DTS\Binn\;C:\Program Files (x86)\nodejs\;c:\Program Files\Saxonica\SaxonHE9.4N\bin;C:\Users\victor\AppData\Roaming\npm\;C:\Program Files (x86)\Google\google_appengine\;C:\Program Files\TortoiseSVN\bin;;c:\Program Files\Saxonica\SaxonHE9.4N\bin;C:\Users\victor\AppData\Roaming\npm\;C:\Program Files (x86)\Google\google_appengine\;., java.vendor.url=http://java.oracle.com/, hibernate.connection.driver_class=com.mysql.jdbc.Driver, connection.username=root, java.vm.vendor=Oracle Corporation, hibernate.dialect=org.hibernate.dialect.MySQL5Dialect, java.runtime.name=Java(TM) SE Runtime Environment, sun.java.command=md.victordov.lab.util.ThisTest, java.class.path=C:\Users\victor\Documents\workspace\Lab3DynamicWebHibernate\build\classes;C:\apache-tomcat-7.0.29\lib\annotations-api.jar;C:\apache-tomcat-7.0.29\lib\catalina-ant.jar;C:\apache-tomcat-7.0.29\lib\catalina-ha.jar;C:\apache-tomcat-7.0.29\lib\catalina-tribes.jar;C:\apache-tomcat-7.0.29\lib\catalina.jar;C:\apache-tomcat-7.0.29\lib\ecj-3.6.2.jar;C:\apache-tomcat-7.0.29\lib\ecj-3.7.2.jar;C:\apache-tomcat-7.0.29\lib\el-api.jar;C:\apache-tomcat-7.0.29\lib\jasper-el.jar;C:\apache-tomcat-7.0.29\lib\jasper.jar;C:\apache-tomcat-7.0.29\lib\jsp-api.jar;C:\apache-tomcat-7.0.29\lib\servlet-api.jar;C:\apache-tomcat-7.0.29\lib\tomcat-api.jar;C:\apache-tomcat-7.0.29\lib\tomcat-coyote.jar;C:\apache-tomcat-7.0.29\lib\tomcat-dbcp.jar;C:\apache-tomcat-7.0.29\lib\tomcat-i18n-es.jar;C:\apache-tomcat-7.0.29\lib\tomcat-i18n-fr.jar;C:\apache-tomcat-7.0.29\lib\tomcat-i18n-ja.jar;C:\apache-tomcat-7.0.29\lib\tomcat-jdbc.jar;C:\apache-tomcat-7.0.29\lib\tomcat-util.jar;C:\Users\victor\Documents\workspace\Lab3DynamicWebHibernate\WebContent\WEB-INF\classes;C:\Program Files (x86)\hibernate-release-4.1.7.Final\lib\envers\hibernate-envers-4.1.7.Final.jar;C:\Program Files (x86)\hibernate-release-4.1.7.Final\lib\jpa\hibernate-entitymanager-4.1.7.Final.jar;C:\Program Files (x86)\hibernate-release-4.1.7.Final\lib\optional\c3p0\c3p0-0.9.1.jar;C:\Program Files (x86)\hibernate-release-4.1.7.Final\lib\optional\c3p0\hibernate-c3p0-4.1.7.Final.jar;C:\Program Files (x86)\hibernate-release-4.1.7.Final\lib\optional\ehcache\ehcache-core-2.4.3.jar;C:\Program Files (x86)\hibernate-release-4.1.7.Final\lib\optional\ehcache\hibernate-ehcache-4.1.7.Final.jar;C:\Program Files (x86)\hibernate-release-4.1.7.Final\lib\optional\ehcache\slf4j-api-1.6.1.jar;C:\Program Files (x86)\hibernate-release-4.1.7.Final\lib\optional\infinispan\hibernate-infinispan-4.1.7.Final.jar;C:\Program Files (x86)\hibernate-release-4.1.7.Final\lib\optional\infinispan\infinispan-core-5.1.6.FINAL.jar;C:\Program Files (x86)\hibernate-release-4.1.7.Final\lib\optional\infinispan\jboss-marshalling-1.3.11.GA.jar;C:\Program Files (x86)\hibernate-release-4.1.7.Final\lib\optional\infinispan\jboss-marshalling-river-1.3.11.GA.jar;C:\Program Files (x86)\hibernate-release-4.1.7.Final\lib\optional\infinispan\jgroups-3.0.11.Final.jar;C:\Program Files (x86)\hibernate-release-4.1.7.Final\lib\optional\infinispan\rhq-pluginAnnotations-3.0.4.jar;C:\Program Files (x86)\hibernate-release-4.1.7.Final\lib\optional\infinispan\stax2-api-3.1.1.jar;C:\Program Files (x86)\hibernate-release-4.1.7.Final\lib\optional\infinispan\woodstox-core-asl-4.1.1.jar;C:\Program Files (x86)\hibernate-release-4.1.7.Final\lib\optional\proxool\hibernate-proxool-4.1.7.Final.jar;C:\Program Files (x86)\hibernate-release-4.1.7.Final\lib\optional\proxool\proxool-0.8.3.jar;C:\Program Files (x86)\hibernate-release-4.1.7.Final\lib\required\antlr-2.7.7.jar;C:\Program Files (x86)\hibernate-release-4.1.7.Final\lib\required\dom4j-1.6.1.jar;C:\Program Files (x86)\hibernate-release-4.1.7.Final\lib\required\hibernate-commons-annotations-4.0.1.Final.jar;C:\Program Files (x86)\hibernate-release-4.1.7.Final\lib\required\hibernate-core-4.1.7.Final.jar;C:\Program Files (x86)\hibernate-release-4.1.7.Final\lib\required\hibernate-jpa-2.0-api-1.0.1.Final.jar;C:\Program Files (x86)\hibernate-release-4.1.7.Final\lib\required\javassist-3.15.0-GA.jar;C:\Program Files (x86)\hibernate-release-4.1.7.Final\lib\required\jboss-logging-3.1.0.GA.jar;C:\Program Files (x86)\hibernate-release-4.1.7.Final\lib\required\jboss-transaction-api_1.1_spec-1.0.0.Final.jar;C:\Users\victor\Downloads\JavaFiles\javassist-3.16.1-GA\javassist.jar;C:\Users\victor\Documents\workspace\Mysql\mysql-connector-java-5.1.21\mysql-connector-java-5.1.21-bin.jar;C:\Users\victor\Downloads\JavaFiles\apache-log4j-1.2.17\log4j-1.2.17.jar, hibernate.bytecode.use_reflection_optimizer=false, java.vm.specification.name=Java Virtual Machine Specification, java.vm.specification.version=1.7, sun.cpu.endian=little, sun.os.patch.level=Service Pack 1, connection.pool_size=1, java.io.tmpdir=C:\Users\victor\AppData\Local\Temp\, java.vendor.url.bug=http://bugreport.sun.com/bugreport/, os.arch=amd64, java.awt.graphicsenv=sun.awt.Win32GraphicsEnvironment, java.ext.dirs=C:\Program Files\Java\jre7\lib\ext;C:\Windows\Sun\Java\lib\ext, user.dir=C:\Users\victor\Documents\workspace\Lab3DynamicWebHibernate, line.separator=
, java.vm.name=Java HotSpot(TM) 64-Bit Server VM, cache.provider_class=org.hibernate.cache.internal.NoCacheProvider, file.encoding=Cp1251, java.specification.version=1.7, hibernate.connection.pool_size=1, hibernate.show_sql=true}
DEBUG main org.hibernate.cfg.Configuration - Processing hbm.xml files
DEBUG main org.hibernate.cfg.Configuration - Process annotated classes
DEBUG main org.hibernate.cfg.Configuration - Processing fk mappings (*ToOne and JoinedSubclass)
DEBUG main org.hibernate.cfg.Configuration - Processing extends queue
DEBUG main org.hibernate.cfg.Configuration - Processing extends queue
DEBUG main org.hibernate.cfg.Configuration - Processing collection mappings
DEBUG main org.hibernate.cfg.Configuration - Processing native query and ResultSetMapping mappings
DEBUG main org.hibernate.cfg.Configuration - Processing association property references
DEBUG main org.hibernate.cfg.Configuration - Processing foreign key constraints
DEBUG main org.hibernate.id.factory.internal.DefaultIdentifierGeneratorFactory - Setting dialect [org.hibernate.dialect.MySQL5Dialect]
DEBUG main org.hibernate.persister.entity.AbstractEntityPersister - Static SQL for entity: md.victordov.lab.vo.Curs
DEBUG main org.hibernate.persister.entity.AbstractEntityPersister -  Version select: select c_id from curs where c_id =?
DEBUG main org.hibernate.persister.entity.AbstractEntityPersister -  Snapshot select: select curs_.c_id, curs_.nume_curs as nume2_0_, curs_.u_id as u3_0_, curs_.p_id as p4_0_ from curs curs_ where curs_.c_id=?
DEBUG main org.hibernate.persister.entity.AbstractEntityPersister -  Insert 0: insert into curs (nume_curs, u_id, p_id, c_id) values (?, ?, ?, ?)
DEBUG main org.hibernate.persister.entity.AbstractEntityPersister -  Update 0: update curs set nume_curs=?, u_id=?, p_id=? where c_id=?
DEBUG main org.hibernate.persister.entity.AbstractEntityPersister -  Delete 0: delete from curs where c_id=?
DEBUG main org.hibernate.loader.Loader - Static select for entity md.victordov.lab.vo.Curs [NONE]: select curs0_.c_id as c1_0_0_, curs0_.nume_curs as nume2_0_0_, curs0_.u_id as u3_0_0_, curs0_.p_id as p4_0_0_ from curs curs0_ where curs0_.c_id=?
DEBUG main org.hibernate.loader.Loader - Static select for entity md.victordov.lab.vo.Curs [READ]: select curs0_.c_id as c1_0_0_, curs0_.nume_curs as nume2_0_0_, curs0_.u_id as u3_0_0_, curs0_.p_id as p4_0_0_ from curs curs0_ where curs0_.c_id=?
DEBUG main org.hibernate.loader.Loader - Static select for entity md.victordov.lab.vo.Curs [UPGRADE]: select curs0_.c_id as c1_0_0_, curs0_.nume_curs as nume2_0_0_, curs0_.u_id as u3_0_0_, curs0_.p_id as p4_0_0_ from curs curs0_ where curs0_.c_id=? for update
DEBUG main org.hibernate.loader.Loader - Static select for entity md.victordov.lab.vo.Curs [UPGRADE_NOWAIT]: select curs0_.c_id as c1_0_0_, curs0_.nume_curs as nume2_0_0_, curs0_.u_id as u3_0_0_, curs0_.p_id as p4_0_0_ from curs curs0_ where curs0_.c_id=? for update
DEBUG main org.hibernate.loader.Loader - Static select for entity md.victordov.lab.vo.Curs [FORCE]: select curs0_.c_id as c1_0_0_, curs0_.nume_curs as nume2_0_0_, curs0_.u_id as u3_0_0_, curs0_.p_id as p4_0_0_ from curs curs0_ where curs0_.c_id=? for update
DEBUG main org.hibernate.loader.Loader - Static select for entity md.victordov.lab.vo.Curs [PESSIMISTIC_READ]: select curs0_.c_id as c1_0_0_, curs0_.nume_curs as nume2_0_0_, curs0_.u_id as u3_0_0_, curs0_.p_id as p4_0_0_ from curs curs0_ where curs0_.c_id=? lock in share mode
DEBUG main org.hibernate.loader.Loader - Static select for entity md.victordov.lab.vo.Curs [PESSIMISTIC_WRITE]: select curs0_.c_id as c1_0_0_, curs0_.nume_curs as nume2_0_0_, curs0_.u_id as u3_0_0_, curs0_.p_id as p4_0_0_ from curs curs0_ where curs0_.c_id=? for update
DEBUG main org.hibernate.loader.Loader - Static select for entity md.victordov.lab.vo.Curs [PESSIMISTIC_FORCE_INCREMENT]: select curs0_.c_id as c1_0_0_, curs0_.nume_curs as nume2_0_0_, curs0_.u_id as u3_0_0_, curs0_.p_id as p4_0_0_ from curs curs0_ where curs0_.c_id=? for update
DEBUG main org.hibernate.loader.Loader - Static select for entity md.victordov.lab.vo.Curs [OPTIMISTIC]: select curs0_.c_id as c1_0_0_, curs0_.nume_curs as nume2_0_0_, curs0_.u_id as u3_0_0_, curs0_.p_id as p4_0_0_ from curs curs0_ where curs0_.c_id=?
DEBUG main org.hibernate.loader.Loader - Static select for entity md.victordov.lab.vo.Curs [OPTIMISTIC_FORCE_INCREMENT]: select curs0_.c_id as c1_0_0_, curs0_.nume_curs as nume2_0_0_, curs0_.u_id as u3_0_0_, curs0_.p_id as p4_0_0_ from curs curs0_ where curs0_.c_id=?
DEBUG main org.hibernate.loader.Loader - Static select for action ACTION_MERGE on entity md.victordov.lab.vo.Curs: select curs0_.c_id as c1_0_0_, curs0_.nume_curs as nume2_0_0_, curs0_.u_id as u3_0_0_, curs0_.p_id as p4_0_0_ from curs curs0_ where curs0_.c_id=?
DEBUG main org.hibernate.loader.Loader - Static select for action ACTION_REFRESH on entity md.victordov.lab.vo.Curs: select curs0_.c_id as c1_0_0_, curs0_.nume_curs as nume2_0_0_, curs0_.u_id as u3_0_0_, curs0_.p_id as p4_0_0_ from curs curs0_ where curs0_.c_id=?
DEBUG main org.hibernate.internal.SessionFactoryRegistry - Initializing SessionFactoryRegistry : org.hibernate.internal.SessionFactoryRegistry@33a5aed4
DEBUG main org.hibernate.internal.SessionFactoryRegistry - Registering SessionFactory: ed17a596-3120-4eb1-aef5-cabf52a4e19e (<unnamed>)
DEBUG main org.hibernate.internal.SessionFactoryRegistry - Not binding SessionFactory to JNDI, no JNDI name configured
DEBUG main org.hibernate.internal.SessionFactoryImpl - Instantiated session factory
INFO main org.hibernate.tool.hbm2ddl.SchemaUpdate - HHH000228: Running hbm2ddl schema update
INFO main org.hibernate.tool.hbm2ddl.SchemaUpdate - HHH000102: Fetching database metadata
INFO main org.hibernate.tool.hbm2ddl.SchemaUpdate - HHH000396: Updating schema
DEBUG main org.hibernate.cfg.Configuration - Processing hbm.xml files
DEBUG main org.hibernate.cfg.Configuration - Process annotated classes
DEBUG main org.hibernate.cfg.Configuration - Processing fk mappings (*ToOne and JoinedSubclass)
DEBUG main org.hibernate.cfg.Configuration - Processing extends queue
DEBUG main org.hibernate.cfg.Configuration - Processing extends queue
DEBUG main org.hibernate.cfg.Configuration - Processing collection mappings
DEBUG main org.hibernate.cfg.Configuration - Processing native query and ResultSetMapping mappings
DEBUG main org.hibernate.cfg.Configuration - Processing association property references
DEBUG main org.hibernate.cfg.Configuration - Processing foreign key constraints
INFO main org.hibernate.tool.hbm2ddl.TableMetadata - HHH000261: Table found: uni2_4t.curs
INFO main org.hibernate.tool.hbm2ddl.TableMetadata - HHH000037: Columns: [nume_curs, c_id, p_id, u_id]
INFO main org.hibernate.tool.hbm2ddl.TableMetadata - HHH000108: Foreign keys: [curs_ibfk_2, curs_ibfk_1]
INFO main org.hibernate.tool.hbm2ddl.TableMetadata - HHH000126: Indexes: [primary, p_id, u_id]
DEBUG main org.hibernate.id.factory.internal.DefaultIdentifierGeneratorFactory - Setting dialect [org.hibernate.dialect.MySQL5Dialect]
INFO main org.hibernate.tool.hbm2ddl.SchemaUpdate - HHH000232: Schema update complete
DEBUG main org.hibernate.internal.SessionFactoryImpl - Checking 0 named HQL queries
DEBUG main org.hibernate.internal.SessionFactoryImpl - Checking 0 named SQL queries
DEBUG main org.hibernate.stat.internal.StatisticsInitiator - Statistics initialized [enabled=false]
DEBUG main org.hibernate.internal.SessionImpl - Opened session at timestamp: 13525661596
DEBUG main org.hibernate.engine.transaction.spi.AbstractTransactionImpl - begin
DEBUG main org.hibernate.engine.jdbc.internal.LogicalConnectionImpl - Obtaining JDBC connection
DEBUG main org.hibernate.engine.jdbc.internal.LogicalConnectionImpl - Obtained JDBC connection
DEBUG main org.hibernate.engine.transaction.internal.jdbc.JdbcTransaction - initial autocommit status: false
DEBUG main org.hibernate.SQL - select curs_.c_id, curs_.nume_curs as nume2_0_, curs_.u_id as u3_0_, curs_.p_id as p4_0_ from curs curs_ where curs_.c_id=?
INFO main org.hibernate.event.internal.DefaultDeleteEventListener - HHH000114: Handling transient entity in delete processing
DEBUG main org.hibernate.loader.Loader - Loading entity: [md.victordov.lab.vo.Curs#2]
DEBUG main org.hibernate.SQL - select curs0_.c_id as c1_0_0_, curs0_.nume_curs as nume2_0_0_, curs0_.u_id as u3_0_0_, curs0_.p_id as p4_0_0_ from curs curs0_ where curs0_.c_id=?
DEBUG main org.hibernate.loader.Loader - Result set row: 0
DEBUG main org.hibernate.loader.Loader - Result row: EntityKey[md.victordov.lab.vo.Curs#2]
DEBUG main org.hibernate.engine.internal.TwoPhaseLoad - Resolving associations for [md.victordov.lab.vo.Curs#2]
DEBUG main org.hibernate.engine.internal.TwoPhaseLoad - Done materializing entity [md.victordov.lab.vo.Curs#2]
DEBUG main org.hibernate.engine.internal.StatefulPersistenceContext - Initializing non-lazy collections
DEBUG main org.hibernate.loader.Loader - Done entity load
DEBUG main org.hibernate.engine.transaction.spi.AbstractTransactionImpl - committing
DEBUG main org.hibernate.event.internal.AbstractFlushingEventListener - Processing flush-time cascades
DEBUG main org.hibernate.event.internal.AbstractFlushingEventListener - Dirty checking collections
DEBUG main org.hibernate.event.internal.AbstractFlushingEventListener - Flushed: 0 insertions, 0 updates, 0 deletions to 1 objects
DEBUG main org.hibernate.event.internal.AbstractFlushingEventListener - Flushed: 0 (re)creations, 0 updates, 0 removals to 0 collections
DEBUG main org.hibernate.internal.util.EntityPrinter - Listing entities:
DEBUG main org.hibernate.internal.util.EntityPrinter - md.victordov.lab.vo.Curs{universitateId=1, profesorId=2, cursId=2, numeCurs=Mecanica}
DEBUG main org.hibernate.engine.transaction.internal.jdbc.JdbcTransaction - committed JDBC Connection
DEBUG main org.hibernate.engine.jdbc.internal.LogicalConnectionImpl - Releasing JDBC connection
DEBUG main org.hibernate.engine.jdbc.internal.LogicalConnectionImpl - Released JDBC connection
DEBUG main org.hibernate.engine.jdbc.internal.proxy.ConnectionProxyHandler - HHH000163: Logical connection releasing its physical connection
